-- Install configuration: ""
-- Up-to-date: /home/ctk/my_roarm_ws/install/roarm_description/share/roarm_description/meshes
-- Up-to-date: /home/ctk/my_roarm_ws/install/roarm_description/share/roarm_description/meshes/gripper_link.STL
-- Up-to-date: /home/ctk/my_roarm_ws/install/roarm_description/share/roarm_description/meshes/base_link.STL
-- Up-to-date: /home/ctk/my_roarm_ws/install/roarm_description/share/roarm_description/meshes/link2.STL
-- Up-to-date: /home/ctk/my_roarm_ws/install/roarm_description/share/roarm_description/meshes/link3.STL
-- Up-to-date: /home/ctk/my_roarm_ws/install/roarm_description/share/roarm_description/meshes/link1.STL
-- Up-to-date: /home/ctk/my_roarm_ws/install/roarm_description/share/roarm_description/urdf
-- Installing: /home/ctk/my_roarm_ws/install/roarm_description/share/roarm_description/urdf/roarm.urdf.xacro
-- Up-to-date: /home/ctk/my_roarm_ws/install/roarm_description/share/roarm_description/launch
-- Up-to-date: /home/ctk/my_roarm_ws/install/roarm_description/share/roarm_description/launch/display.launch.py
-- Up-to-date: /home/ctk/my_roarm_ws/install/roarm_description/share/roarm_description/rviz
-- Up-to-date: /home/ctk/my_roarm_ws/install/roarm_description/share/roarm_description/rviz/display.rviz
-- Up-to-date: /home/ctk/my_roarm_ws/install/roarm_description/share/ament_index/resource_index/package_run_dependencies/roarm_description
-- Up-to-date: /home/ctk/my_roarm_ws/install/roarm_description/share/ament_index/resource_index/parent_prefix_path/roarm_description
-- Up-to-date: /home/ctk/my_roarm_ws/install/roarm_description/share/roarm_description/environment/ament_prefix_path.sh
-- Up-to-date: /home/ctk/my_roarm_ws/install/roarm_description/share/roarm_description/environment/ament_prefix_path.dsv
-- Up-to-date: /home/ctk/my_roarm_ws/install/roarm_description/share/roarm_description/environment/path.sh
-- Up-to-date: /home/ctk/my_roarm_ws/install/roarm_description/share/roarm_description/environment/path.dsv
-- Up-to-date: /home/ctk/my_roarm_ws/install/roarm_description/share/roarm_description/local_setup.bash
-- Up-to-date: /home/ctk/my_roarm_ws/install/roarm_description/share/roarm_description/local_setup.sh
-- Up-to-date: /home/ctk/my_roarm_ws/install/roarm_description/share/roarm_description/local_setup.zsh
-- Up-to-date: /home/ctk/my_roarm_ws/install/roarm_description/share/roarm_description/local_setup.dsv
-- Installing: /home/ctk/my_roarm_ws/install/roarm_description/share/roarm_description/package.dsv
-- Up-to-date: /home/ctk/my_roarm_ws/install/roarm_description/share/ament_index/resource_index/packages/roarm_description
-- Up-to-date: /home/ctk/my_roarm_ws/install/roarm_description/share/roarm_description/cmake/roarm_descriptionConfig.cmake
-- Up-to-date: /home/ctk/my_roarm_ws/install/roarm_description/share/roarm_description/cmake/roarm_descriptionConfig-version.cmake
-- Up-to-date: /home/ctk/my_roarm_ws/install/roarm_description/share/roarm_description/package.xml
