[0.236s] colcon DEBUG Command line arguments: ['/usr/bin/colcon', 'list', '-p', '--base-paths', '/home/ctk/my_roarm_ws']
[0.236s] colcon DEBUG Parsed command line arguments: Namespace(log_base=None, log_level=None, verb_name='list', build_base='build', ignore_user_meta=False, metas=['./colcon.meta'], base_paths=['/home/ctk/my_roarm_ws'], packages_ignore=None, packages_ignore_regex=None, paths=None, packages_up_to=None, packages_up_to_regex=None, packages_above=None, packages_above_and_dependencies=None, packages_above_depth=None, packages_select_by_dep=None, packages_skip_by_dep=None, packages_skip_up_to=None, packages_select_build_failed=False, packages_skip_build_finished=False, packages_select_test_failures=False, packages_skip_test_passed=False, packages_select=None, packages_skip=None, packages_select_regex=None, packages_skip_regex=None, packages_start=None, packages_end=None, allow_overriding=[], topological_order=False, names_only=False, paths_only=True, topological_graph=False, topological_graph_dot=False, topological_graph_density=False, topological_graph_legend=False, topological_graph_dot_cluster=False, topological_graph_dot_include_skipped=False, mixin_files=None, mixin=None, verb_parser=<colcon_mixin.mixin.mixin_argument.MixinArgumentDecorator object at 0x71e029f03190>, verb_extension=<colcon_package_information.verb.list.ListVerb object at 0x71e029f029b0>, main=<bound method ListVerb.main of <colcon_package_information.verb.list.ListVerb object at 0x71e029f029b0>>, mixin_verb=('list',))
[0.331s] colcon.colcon_core.package_discovery Level 1 discover_packages(colcon_meta) check parameters
[0.331s] colcon.colcon_core.package_discovery Level 1 discover_packages(recursive) check parameters
[0.331s] colcon.colcon_core.package_discovery Level 1 discover_packages(ignore) check parameters
[0.331s] colcon.colcon_core.package_discovery Level 1 discover_packages(path) check parameters
[0.332s] colcon.colcon_core.package_discovery Level 1 discover_packages(recursive) discover
[0.332s] colcon.colcon_core.package_discovery INFO Crawling recursively for packages in '/home/ctk/my_roarm_ws'
[0.332s] colcon.colcon_core.package_identification Level 1 _identify(/home/ctk/my_roarm_ws) by extensions ['ignore', 'ignore_ament_install']
[0.332s] colcon.colcon_core.package_identification Level 1 _identify(/home/ctk/my_roarm_ws) by extension 'ignore'
[0.332s] colcon.colcon_core.package_identification Level 1 _identify(/home/ctk/my_roarm_ws) by extension 'ignore_ament_install'
[0.332s] colcon.colcon_core.package_identification Level 1 _identify(/home/ctk/my_roarm_ws) by extensions ['colcon_pkg']
[0.332s] colcon.colcon_core.package_identification Level 1 _identify(/home/ctk/my_roarm_ws) by extension 'colcon_pkg'
[0.332s] colcon.colcon_core.package_identification Level 1 _identify(/home/ctk/my_roarm_ws) by extensions ['colcon_meta']
[0.332s] colcon.colcon_core.package_identification Level 1 _identify(/home/ctk/my_roarm_ws) by extension 'colcon_meta'
[0.333s] colcon.colcon_core.package_identification Level 1 _identify(/home/ctk/my_roarm_ws) by extensions ['ros']
[0.333s] colcon.colcon_core.package_identification Level 1 _identify(/home/ctk/my_roarm_ws) by extension 'ros'
[0.363s] colcon.colcon_core.package_identification Level 1 _identify(/home/ctk/my_roarm_ws) by extensions ['cmake', 'python']
[0.363s] colcon.colcon_core.package_identification Level 1 _identify(/home/ctk/my_roarm_ws) by extension 'cmake'
[0.363s] colcon.colcon_core.package_identification Level 1 _identify(/home/ctk/my_roarm_ws) by extension 'python'
[0.363s] colcon.colcon_core.package_identification Level 1 _identify(/home/ctk/my_roarm_ws) by extensions ['python_setup_py']
[0.364s] colcon.colcon_core.package_identification Level 1 _identify(/home/ctk/my_roarm_ws) by extension 'python_setup_py'
[0.364s] colcon.colcon_core.package_identification Level 1 _identify(/home/ctk/my_roarm_ws/build) by extensions ['ignore', 'ignore_ament_install']
[0.365s] colcon.colcon_core.package_identification Level 1 _identify(/home/ctk/my_roarm_ws/build) by extension 'ignore'
[0.365s] colcon.colcon_core.package_identification Level 1 _identify(/home/ctk/my_roarm_ws/build) ignored
[0.365s] colcon.colcon_core.package_identification Level 1 _identify(/home/ctk/my_roarm_ws/install) by extensions ['ignore', 'ignore_ament_install']
[0.365s] colcon.colcon_core.package_identification Level 1 _identify(/home/ctk/my_roarm_ws/install) by extension 'ignore'
[0.365s] colcon.colcon_core.package_identification Level 1 _identify(/home/ctk/my_roarm_ws/install) ignored
[0.366s] colcon.colcon_core.package_identification Level 1 _identify(/home/ctk/my_roarm_ws/log) by extensions ['ignore', 'ignore_ament_install']
[0.366s] colcon.colcon_core.package_identification Level 1 _identify(/home/ctk/my_roarm_ws/log) by extension 'ignore'
[0.366s] colcon.colcon_core.package_identification Level 1 _identify(/home/ctk/my_roarm_ws/log) ignored
[0.366s] colcon.colcon_core.package_identification Level 1 _identify(/home/ctk/my_roarm_ws/src) by extensions ['ignore', 'ignore_ament_install']
[0.366s] colcon.colcon_core.package_identification Level 1 _identify(/home/ctk/my_roarm_ws/src) by extension 'ignore'
[0.366s] colcon.colcon_core.package_identification Level 1 _identify(/home/ctk/my_roarm_ws/src) by extension 'ignore_ament_install'
[0.366s] colcon.colcon_core.package_identification Level 1 _identify(/home/ctk/my_roarm_ws/src) by extensions ['colcon_pkg']
[0.366s] colcon.colcon_core.package_identification Level 1 _identify(/home/ctk/my_roarm_ws/src) by extension 'colcon_pkg'
[0.366s] colcon.colcon_core.package_identification Level 1 _identify(/home/ctk/my_roarm_ws/src) by extensions ['colcon_meta']
[0.366s] colcon.colcon_core.package_identification Level 1 _identify(/home/ctk/my_roarm_ws/src) by extension 'colcon_meta'
[0.366s] colcon.colcon_core.package_identification Level 1 _identify(/home/ctk/my_roarm_ws/src) by extensions ['ros']
[0.366s] colcon.colcon_core.package_identification Level 1 _identify(/home/ctk/my_roarm_ws/src) by extension 'ros'
[0.366s] colcon.colcon_core.package_identification Level 1 _identify(/home/ctk/my_roarm_ws/src) by extensions ['cmake', 'python']
[0.366s] colcon.colcon_core.package_identification Level 1 _identify(/home/ctk/my_roarm_ws/src) by extension 'cmake'
[0.366s] colcon.colcon_core.package_identification Level 1 _identify(/home/ctk/my_roarm_ws/src) by extension 'python'
[0.366s] colcon.colcon_core.package_identification Level 1 _identify(/home/ctk/my_roarm_ws/src) by extensions ['python_setup_py']
[0.366s] colcon.colcon_core.package_identification Level 1 _identify(/home/ctk/my_roarm_ws/src) by extension 'python_setup_py'
[0.367s] colcon.colcon_core.package_identification Level 1 _identify(/home/ctk/my_roarm_ws/src/roarm_description) by extensions ['ignore', 'ignore_ament_install']
[0.367s] colcon.colcon_core.package_identification Level 1 _identify(/home/ctk/my_roarm_ws/src/roarm_description) by extension 'ignore'
[0.367s] colcon.colcon_core.package_identification Level 1 _identify(/home/ctk/my_roarm_ws/src/roarm_description) by extension 'ignore_ament_install'
[0.367s] colcon.colcon_core.package_identification Level 1 _identify(/home/ctk/my_roarm_ws/src/roarm_description) by extensions ['colcon_pkg']
[0.367s] colcon.colcon_core.package_identification Level 1 _identify(/home/ctk/my_roarm_ws/src/roarm_description) by extension 'colcon_pkg'
[0.367s] colcon.colcon_core.package_identification Level 1 _identify(/home/ctk/my_roarm_ws/src/roarm_description) by extensions ['colcon_meta']
[0.367s] colcon.colcon_core.package_identification Level 1 _identify(/home/ctk/my_roarm_ws/src/roarm_description) by extension 'colcon_meta'
[0.367s] colcon.colcon_core.package_identification Level 1 _identify(/home/ctk/my_roarm_ws/src/roarm_description) by extensions ['ros']
[0.367s] colcon.colcon_core.package_identification Level 1 _identify(/home/ctk/my_roarm_ws/src/roarm_description) by extension 'ros'
[0.370s] colcon.colcon_core.package_identification DEBUG Package '/home/ctk/my_roarm_ws/src/roarm_description' with type 'ros.ament_cmake' and name 'roarm_description'
[0.370s] colcon.colcon_core.package_discovery Level 1 discover_packages(recursive) using defaults
