[0.087s] [34mcolcon[0m [1;30mDEBUG[0m [32mCommand line arguments: ['/usr/bin/colcon', 'build'][0m
[0.087s] [34mcolcon[0m [1;30mDEBUG[0m [32mParsed command line arguments: Namespace(log_base=None, log_level=None, verb_name='build', build_base='build', install_base='install', merge_install=False, symlink_install=False, test_result_base=None, continue_on_error=False, executor='parallel', parallel_workers=8, event_handlers=None, ignore_user_meta=False, metas=['./colcon.meta'], base_paths=['.'], packages_ignore=None, packages_ignore_regex=None, paths=None, packages_up_to=None, packages_up_to_regex=None, packages_above=None, packages_above_and_dependencies=None, packages_above_depth=None, packages_select_by_dep=None, packages_skip_by_dep=None, packages_skip_up_to=None, packages_select_build_failed=False, packages_skip_build_finished=False, packages_select_test_failures=False, packages_skip_test_passed=False, packages_select=None, packages_skip=None, packages_select_regex=None, packages_skip_regex=None, packages_start=None, packages_end=None, allow_overriding=[], cmake_args=None, cmake_target=None, cmake_target_skip_unavailable=False, cmake_clean_cache=False, cmake_clean_first=False, cmake_force_configure=False, ament_cmake_args=None, catkin_cmake_args=None, catkin_skip_building_tests=False, mixin_files=None, mixin=None, verb_parser=<colcon_mixin.mixin.mixin_argument.MixinArgumentDecorator object at 0x76f453a20880>, verb_extension=<colcon_core.verb.build.BuildVerb object at 0x76f453a203d0>, main=<bound method BuildVerb.main of <colcon_core.verb.build.BuildVerb object at 0x76f453a203d0>>, mixin_verb=('build',))[0m
[0.117s] [34mcolcon.colcon_core.package_discovery[0m [1;30mLevel 1[0m discover_packages(colcon_meta) check parameters
[0.117s] [34mcolcon.colcon_core.package_discovery[0m [1;30mLevel 1[0m discover_packages(recursive) check parameters
[0.117s] [34mcolcon.colcon_core.package_discovery[0m [1;30mLevel 1[0m discover_packages(ignore) check parameters
[0.117s] [34mcolcon.colcon_core.package_discovery[0m [1;30mLevel 1[0m discover_packages(path) check parameters
[0.117s] [34mcolcon.colcon_core.package_discovery[0m [1;30mLevel 1[0m discover_packages(colcon_meta) discover
[0.117s] [34mcolcon.colcon_core.package_discovery[0m [1;30mLevel 1[0m discover_packages(recursive) discover
[0.117s] [34mcolcon.colcon_core.package_discovery[0m [1;30mINFO[0m Crawling recursively for packages in '/home/ctk/my_roarm_ws'
[0.117s] [34mcolcon.colcon_core.package_identification[0m [1;30mLevel 1[0m _identify(.) by extensions ['ignore', 'ignore_ament_install']
[0.118s] [34mcolcon.colcon_core.package_identification[0m [1;30mLevel 1[0m _identify(.) by extension 'ignore'
[0.118s] [34mcolcon.colcon_core.package_identification[0m [1;30mLevel 1[0m _identify(.) by extension 'ignore_ament_install'
[0.118s] [34mcolcon.colcon_core.package_identification[0m [1;30mLevel 1[0m _identify(.) by extensions ['colcon_pkg']
[0.118s] [34mcolcon.colcon_core.package_identification[0m [1;30mLevel 1[0m _identify(.) by extension 'colcon_pkg'
[0.118s] [34mcolcon.colcon_core.package_identification[0m [1;30mLevel 1[0m _identify(.) by extensions ['colcon_meta']
[0.118s] [34mcolcon.colcon_core.package_identification[0m [1;30mLevel 1[0m _identify(.) by extension 'colcon_meta'
[0.118s] [34mcolcon.colcon_core.package_identification[0m [1;30mLevel 1[0m _identify(.) by extensions ['ros']
[0.118s] [34mcolcon.colcon_core.package_identification[0m [1;30mLevel 1[0m _identify(.) by extension 'ros'
[0.128s] [34mcolcon.colcon_core.package_identification[0m [1;30mLevel 1[0m _identify(.) by extensions ['cmake', 'python']
[0.128s] [34mcolcon.colcon_core.package_identification[0m [1;30mLevel 1[0m _identify(.) by extension 'cmake'
[0.128s] [34mcolcon.colcon_core.package_identification[0m [1;30mLevel 1[0m _identify(.) by extension 'python'
[0.129s] [34mcolcon.colcon_core.package_identification[0m [1;30mLevel 1[0m _identify(.) by extensions ['python_setup_py']
[0.129s] [34mcolcon.colcon_core.package_identification[0m [1;30mLevel 1[0m _identify(.) by extension 'python_setup_py'
[0.129s] [34mcolcon.colcon_core.package_identification[0m [1;30mLevel 1[0m _identify(build) by extensions ['ignore', 'ignore_ament_install']
[0.129s] [34mcolcon.colcon_core.package_identification[0m [1;30mLevel 1[0m _identify(build) by extension 'ignore'
[0.129s] [34mcolcon.colcon_core.package_identification[0m [1;30mLevel 1[0m _identify(build) ignored
[0.129s] [34mcolcon.colcon_core.package_identification[0m [1;30mLevel 1[0m _identify(install) by extensions ['ignore', 'ignore_ament_install']
[0.129s] [34mcolcon.colcon_core.package_identification[0m [1;30mLevel 1[0m _identify(install) by extension 'ignore'
[0.129s] [34mcolcon.colcon_core.package_identification[0m [1;30mLevel 1[0m _identify(install) ignored
[0.129s] [34mcolcon.colcon_core.package_identification[0m [1;30mLevel 1[0m _identify(log) by extensions ['ignore', 'ignore_ament_install']
[0.129s] [34mcolcon.colcon_core.package_identification[0m [1;30mLevel 1[0m _identify(log) by extension 'ignore'
[0.129s] [34mcolcon.colcon_core.package_identification[0m [1;30mLevel 1[0m _identify(log) ignored
[0.129s] [34mcolcon.colcon_core.package_identification[0m [1;30mLevel 1[0m _identify(src) by extensions ['ignore', 'ignore_ament_install']
[0.129s] [34mcolcon.colcon_core.package_identification[0m [1;30mLevel 1[0m _identify(src) by extension 'ignore'
[0.129s] [34mcolcon.colcon_core.package_identification[0m [1;30mLevel 1[0m _identify(src) by extension 'ignore_ament_install'
[0.129s] [34mcolcon.colcon_core.package_identification[0m [1;30mLevel 1[0m _identify(src) by extensions ['colcon_pkg']
[0.129s] [34mcolcon.colcon_core.package_identification[0m [1;30mLevel 1[0m _identify(src) by extension 'colcon_pkg'
[0.129s] [34mcolcon.colcon_core.package_identification[0m [1;30mLevel 1[0m _identify(src) by extensions ['colcon_meta']
[0.129s] [34mcolcon.colcon_core.package_identification[0m [1;30mLevel 1[0m _identify(src) by extension 'colcon_meta'
[0.129s] [34mcolcon.colcon_core.package_identification[0m [1;30mLevel 1[0m _identify(src) by extensions ['ros']
[0.129s] [34mcolcon.colcon_core.package_identification[0m [1;30mLevel 1[0m _identify(src) by extension 'ros'
[0.130s] [34mcolcon.colcon_core.package_identification[0m [1;30mLevel 1[0m _identify(src) by extensions ['cmake', 'python']
[0.130s] [34mcolcon.colcon_core.package_identification[0m [1;30mLevel 1[0m _identify(src) by extension 'cmake'
[0.130s] [34mcolcon.colcon_core.package_identification[0m [1;30mLevel 1[0m _identify(src) by extension 'python'
[0.130s] [34mcolcon.colcon_core.package_identification[0m [1;30mLevel 1[0m _identify(src) by extensions ['python_setup_py']
[0.130s] [34mcolcon.colcon_core.package_identification[0m [1;30mLevel 1[0m _identify(src) by extension 'python_setup_py'
[0.130s] [34mcolcon.colcon_core.package_identification[0m [1;30mLevel 1[0m _identify(src/roaram_py_examples) by extensions ['ignore', 'ignore_ament_install']
[0.130s] [34mcolcon.colcon_core.package_identification[0m [1;30mLevel 1[0m _identify(src/roaram_py_examples) by extension 'ignore'
[0.130s] [34mcolcon.colcon_core.package_identification[0m [1;30mLevel 1[0m _identify(src/roaram_py_examples) by extension 'ignore_ament_install'
[0.130s] [34mcolcon.colcon_core.package_identification[0m [1;30mLevel 1[0m _identify(src/roaram_py_examples) by extensions ['colcon_pkg']
[0.130s] [34mcolcon.colcon_core.package_identification[0m [1;30mLevel 1[0m _identify(src/roaram_py_examples) by extension 'colcon_pkg'
[0.130s] [34mcolcon.colcon_core.package_identification[0m [1;30mLevel 1[0m _identify(src/roaram_py_examples) by extensions ['colcon_meta']
[0.130s] [34mcolcon.colcon_core.package_identification[0m [1;30mLevel 1[0m _identify(src/roaram_py_examples) by extension 'colcon_meta'
[0.130s] [34mcolcon.colcon_core.package_identification[0m [1;30mLevel 1[0m _identify(src/roaram_py_examples) by extensions ['ros']
[0.130s] [34mcolcon.colcon_core.package_identification[0m [1;30mLevel 1[0m _identify(src/roaram_py_examples) by extension 'ros'
[0.132s] [34mcolcon.colcon_core.package_identification[0m [1;30mDEBUG[0m [32mPackage 'src/roaram_py_examples' with type 'ros.ament_python' and name 'roaram_py_examples'[0m
[0.132s] [34mcolcon.colcon_core.package_identification[0m [1;30mLevel 1[0m _identify(src/roarm_description) by extensions ['ignore', 'ignore_ament_install']
[0.132s] [34mcolcon.colcon_core.package_identification[0m [1;30mLevel 1[0m _identify(src/roarm_description) by extension 'ignore'
[0.132s] [34mcolcon.colcon_core.package_identification[0m [1;30mLevel 1[0m _identify(src/roarm_description) by extension 'ignore_ament_install'
[0.132s] [34mcolcon.colcon_core.package_identification[0m [1;30mLevel 1[0m _identify(src/roarm_description) by extensions ['colcon_pkg']
[0.132s] [34mcolcon.colcon_core.package_identification[0m [1;30mLevel 1[0m _identify(src/roarm_description) by extension 'colcon_pkg'
[0.132s] [34mcolcon.colcon_core.package_identification[0m [1;30mLevel 1[0m _identify(src/roarm_description) by extensions ['colcon_meta']
[0.132s] [34mcolcon.colcon_core.package_identification[0m [1;30mLevel 1[0m _identify(src/roarm_description) by extension 'colcon_meta'
[0.132s] [34mcolcon.colcon_core.package_identification[0m [1;30mLevel 1[0m _identify(src/roarm_description) by extensions ['ros']
[0.132s] [34mcolcon.colcon_core.package_identification[0m [1;30mLevel 1[0m _identify(src/roarm_description) by extension 'ros'
[0.132s] [34mcolcon.colcon_core.package_identification[0m [1;30mDEBUG[0m [32mPackage 'src/roarm_description' with type 'ros.ament_cmake' and name 'roarm_description'[0m
[0.132s] [34mcolcon.colcon_core.package_discovery[0m [1;30mLevel 1[0m discover_packages(recursive) using defaults
[0.133s] [34mcolcon.colcon_core.package_discovery[0m [1;30mLevel 1[0m discover_packages(ignore) discover
[0.133s] [34mcolcon.colcon_core.package_discovery[0m [1;30mLevel 1[0m discover_packages(ignore) using defaults
[0.133s] [34mcolcon.colcon_core.package_discovery[0m [1;30mLevel 1[0m discover_packages(path) discover
[0.133s] [34mcolcon.colcon_core.package_discovery[0m [1;30mLevel 1[0m discover_packages(path) using defaults
[0.144s] [34mcolcon.colcon_core.package_discovery[0m [1;30mLevel 1[0m discover_packages(prefix_path) check parameters
[0.144s] [34mcolcon.colcon_core.package_discovery[0m [1;30mLevel 1[0m discover_packages(prefix_path) discover
[0.145s] [34mcolcon.colcon_installed_package_information.package_discovery[0m [1;30mDEBUG[0m [32mFound 2 installed packages in /home/ctk/my_roarm_ws/install[0m
[0.146s] [34mcolcon.colcon_installed_package_information.package_discovery[0m [1;30mDEBUG[0m [32mFound 13 installed packages in /home/ctk/roarm_ws_em0/install[0m
[0.147s] [34mcolcon.colcon_installed_package_information.package_discovery[0m [1;30mDEBUG[0m [32mFound 482 installed packages in /opt/ros/humble[0m
[0.149s] [34mcolcon.colcon_core.package_discovery[0m [1;30mLevel 1[0m discover_packages(prefix_path) using defaults
[0.198s] [34mcolcon.colcon_core.package_selection[0m [1;30mWARNING[0m [33mSome selected packages are already built in one or more underlay workspaces:
	'roarm_description' is in: /home/ctk/roarm_ws_em0/install/roarm_description, /home/ctk/my_roarm_ws/install/roarm_description
If a package in a merged underlay workspace is overridden and it installs headers, then all packages in the overlay must sort their include directories by workspace order. Failure to do so may result in build failures or undefined behavior at run time.
If the overridden package is used by another package in any underlay, then the overriding package in the overlay must be API and ABI compatible or undefined behavior at run time may occur.

If you understand the risks and want to override a package anyways, add the following to the command line:
	--allow-overriding roarm_description

This may be promoted to an error in a future release of colcon-override-check.[0m
[0.199s] [34mcolcon.colcon_core.verb[0m [1;30mLevel 5[0m set package 'roaram_py_examples' build argument 'cmake_args' from command line to 'None'
[0.199s] [34mcolcon.colcon_core.verb[0m [1;30mLevel 5[0m set package 'roaram_py_examples' build argument 'cmake_target' from command line to 'None'
[0.199s] [34mcolcon.colcon_core.verb[0m [1;30mLevel 5[0m set package 'roaram_py_examples' build argument 'cmake_target_skip_unavailable' from command line to 'False'
[0.199s] [34mcolcon.colcon_core.verb[0m [1;30mLevel 5[0m set package 'roaram_py_examples' build argument 'cmake_clean_cache' from command line to 'False'
[0.199s] [34mcolcon.colcon_core.verb[0m [1;30mLevel 5[0m set package 'roaram_py_examples' build argument 'cmake_clean_first' from command line to 'False'
[0.199s] [34mcolcon.colcon_core.verb[0m [1;30mLevel 5[0m set package 'roaram_py_examples' build argument 'cmake_force_configure' from command line to 'False'
[0.199s] [34mcolcon.colcon_core.verb[0m [1;30mLevel 5[0m set package 'roaram_py_examples' build argument 'ament_cmake_args' from command line to 'None'
[0.199s] [34mcolcon.colcon_core.verb[0m [1;30mLevel 5[0m set package 'roaram_py_examples' build argument 'catkin_cmake_args' from command line to 'None'
[0.199s] [34mcolcon.colcon_core.verb[0m [1;30mLevel 5[0m set package 'roaram_py_examples' build argument 'catkin_skip_building_tests' from command line to 'False'
[0.199s] [34mcolcon.colcon_core.verb[0m [1;30mDEBUG[0m [32mBuilding package 'roaram_py_examples' with the following arguments: {'ament_cmake_args': None, 'build_base': '/home/ctk/my_roarm_ws/build/roaram_py_examples', 'catkin_cmake_args': None, 'catkin_skip_building_tests': False, 'cmake_args': None, 'cmake_clean_cache': False, 'cmake_clean_first': False, 'cmake_force_configure': False, 'cmake_target': None, 'cmake_target_skip_unavailable': False, 'install_base': '/home/ctk/my_roarm_ws/install/roaram_py_examples', 'merge_install': False, 'path': '/home/ctk/my_roarm_ws/src/roaram_py_examples', 'symlink_install': False, 'test_result_base': None}[0m
[0.200s] [34mcolcon.colcon_core.verb[0m [1;30mLevel 5[0m set package 'roarm_description' build argument 'cmake_args' from command line to 'None'
[0.200s] [34mcolcon.colcon_core.verb[0m [1;30mLevel 5[0m set package 'roarm_description' build argument 'cmake_target' from command line to 'None'
[0.200s] [34mcolcon.colcon_core.verb[0m [1;30mLevel 5[0m set package 'roarm_description' build argument 'cmake_target_skip_unavailable' from command line to 'False'
[0.200s] [34mcolcon.colcon_core.verb[0m [1;30mLevel 5[0m set package 'roarm_description' build argument 'cmake_clean_cache' from command line to 'False'
[0.200s] [34mcolcon.colcon_core.verb[0m [1;30mLevel 5[0m set package 'roarm_description' build argument 'cmake_clean_first' from command line to 'False'
[0.200s] [34mcolcon.colcon_core.verb[0m [1;30mLevel 5[0m set package 'roarm_description' build argument 'cmake_force_configure' from command line to 'False'
[0.200s] [34mcolcon.colcon_core.verb[0m [1;30mLevel 5[0m set package 'roarm_description' build argument 'ament_cmake_args' from command line to 'None'
[0.200s] [34mcolcon.colcon_core.verb[0m [1;30mLevel 5[0m set package 'roarm_description' build argument 'catkin_cmake_args' from command line to 'None'
[0.200s] [34mcolcon.colcon_core.verb[0m [1;30mLevel 5[0m set package 'roarm_description' build argument 'catkin_skip_building_tests' from command line to 'False'
[0.200s] [34mcolcon.colcon_core.verb[0m [1;30mDEBUG[0m [32mBuilding package 'roarm_description' with the following arguments: {'ament_cmake_args': None, 'build_base': '/home/ctk/my_roarm_ws/build/roarm_description', 'catkin_cmake_args': None, 'catkin_skip_building_tests': False, 'cmake_args': None, 'cmake_clean_cache': False, 'cmake_clean_first': False, 'cmake_force_configure': False, 'cmake_target': None, 'cmake_target_skip_unavailable': False, 'install_base': '/home/ctk/my_roarm_ws/install/roarm_description', 'merge_install': False, 'path': '/home/ctk/my_roarm_ws/src/roarm_description', 'symlink_install': False, 'test_result_base': None}[0m
[0.200s] [34mcolcon.colcon_core.executor[0m [1;30mINFO[0m Executing jobs using 'parallel' executor
[0.201s] [34mcolcon.colcon_parallel_executor.executor.parallel[0m [1;30mDEBUG[0m [32mrun_until_complete[0m
[0.201s] [34mcolcon.colcon_ros.task.ament_python.build[0m [1;30mINFO[0m Building ROS package in '/home/ctk/my_roarm_ws/src/roaram_py_examples' with build type 'ament_python'
[0.201s] [34mcolcon.colcon_core.shell[0m [1;30mLevel 1[0m create_environment_hook('roaram_py_examples', 'ament_prefix_path')
[0.202s] [34mcolcon.colcon_core.plugin_system[0m [1;30mINFO[0m Skipping extension 'colcon_core.shell.bat': Not used on non-Windows systems
[0.203s] [34mcolcon.colcon_core.shell[0m [1;30mINFO[0m Creating environment hook '/home/ctk/my_roarm_ws/install/roaram_py_examples/share/roaram_py_examples/hook/ament_prefix_path.ps1'
[0.203s] [34mcolcon.colcon_core.shell[0m [1;30mINFO[0m Creating environment descriptor '/home/ctk/my_roarm_ws/install/roaram_py_examples/share/roaram_py_examples/hook/ament_prefix_path.dsv'
[0.203s] [34mcolcon.colcon_core.shell[0m [1;30mINFO[0m Creating environment hook '/home/ctk/my_roarm_ws/install/roaram_py_examples/share/roaram_py_examples/hook/ament_prefix_path.sh'
[0.204s] [34mcolcon.colcon_core.shell[0m [1;30mINFO[0m Skip shell extension 'powershell' for command environment: Not usable outside of PowerShell
[0.204s] [34mcolcon.colcon_core.shell[0m [1;30mDEBUG[0m [32mSkip shell extension 'dsv' for command environment[0m
[0.207s] [34mcolcon.colcon_ros.task.ament_cmake.build[0m [1;30mINFO[0m Building ROS package in '/home/ctk/my_roarm_ws/src/roarm_description' with build type 'ament_cmake'
[0.207s] [34mcolcon.colcon_cmake.task.cmake.build[0m [1;30mINFO[0m Building CMake package in '/home/ctk/my_roarm_ws/src/roarm_description'
[0.208s] [34mcolcon.colcon_core.shell[0m [1;30mINFO[0m Skip shell extension 'powershell' for command environment: Not usable outside of PowerShell
[0.208s] [34mcolcon.colcon_core.shell[0m [1;30mDEBUG[0m [32mSkip shell extension 'dsv' for command environment[0m
[0.386s] [34mcolcon.colcon_core.task.python.build[0m [1;30mINFO[0m Building Python package in '/home/ctk/my_roarm_ws/src/roaram_py_examples'
[0.386s] [34mcolcon.colcon_core.shell[0m [1;30mINFO[0m Skip shell extension 'powershell' for command environment: Not usable outside of PowerShell
[0.386s] [34mcolcon.colcon_core.shell[0m [1;30mDEBUG[0m [32mSkip shell extension 'dsv' for command environment[0m
[0.392s] [34mcolcon.colcon_core.event_handler.log_command[0m [1;30mDEBUG[0m [32mInvoking command in '/home/ctk/my_roarm_ws/build/roarm_description': CMAKE_PREFIX_PATH=${CMAKE_PREFIX_PATH}:/home/ctk/my_roarm_ws/install/roaram_py_examples:/home/ctk/roarm_ws_em0/install/ros2web_widgets:/home/ctk/roarm_ws_em0/install/ros2web_example_py:/home/ctk/roarm_ws_em0/install/roarm_web_app:/home/ctk/roarm_ws_em0/install/ros2web_app:/home/ctk/roarm_ws_em0/install/ros2web:/home/ctk/roarm_ws_em0/install/roarm_driver:/home/ctk/roarm_ws_em0/install/launch_api:/opt/ros/humble /usr/bin/cmake --build /home/ctk/my_roarm_ws/build/roarm_description -- -j8 -l8[0m
[0.639s] [34mcolcon.colcon_core.event_handler.log_command[0m [1;30mDEBUG[0m [32mInvoked command in '/home/ctk/my_roarm_ws/build/roarm_description' returned '0': CMAKE_PREFIX_PATH=${CMAKE_PREFIX_PATH}:/home/ctk/my_roarm_ws/install/roaram_py_examples:/home/ctk/roarm_ws_em0/install/ros2web_widgets:/home/ctk/roarm_ws_em0/install/ros2web_example_py:/home/ctk/roarm_ws_em0/install/roarm_web_app:/home/ctk/roarm_ws_em0/install/ros2web_app:/home/ctk/roarm_ws_em0/install/ros2web:/home/ctk/roarm_ws_em0/install/roarm_driver:/home/ctk/roarm_ws_em0/install/launch_api:/opt/ros/humble /usr/bin/cmake --build /home/ctk/my_roarm_ws/build/roarm_description -- -j8 -l8[0m
[0.647s] [34mcolcon.colcon_core.event_handler.log_command[0m [1;30mDEBUG[0m [32mInvoking command in '/home/ctk/my_roarm_ws/build/roarm_description': CMAKE_PREFIX_PATH=${CMAKE_PREFIX_PATH}:/home/ctk/my_roarm_ws/install/roaram_py_examples:/home/ctk/roarm_ws_em0/install/ros2web_widgets:/home/ctk/roarm_ws_em0/install/ros2web_example_py:/home/ctk/roarm_ws_em0/install/roarm_web_app:/home/ctk/roarm_ws_em0/install/ros2web_app:/home/ctk/roarm_ws_em0/install/ros2web:/home/ctk/roarm_ws_em0/install/roarm_driver:/home/ctk/roarm_ws_em0/install/launch_api:/opt/ros/humble /usr/bin/cmake --install /home/ctk/my_roarm_ws/build/roarm_description[0m
[0.656s] [34mcolcon.colcon_core.environment[0m [1;30mLevel 1[0m create_environment_scripts_only(roarm_description)
[0.656s] [34mcolcon.colcon_core.event_handler.log_command[0m [1;30mDEBUG[0m [32mInvoked command in '/home/ctk/my_roarm_ws/build/roarm_description' returned '0': CMAKE_PREFIX_PATH=${CMAKE_PREFIX_PATH}:/home/ctk/my_roarm_ws/install/roaram_py_examples:/home/ctk/roarm_ws_em0/install/ros2web_widgets:/home/ctk/roarm_ws_em0/install/ros2web_example_py:/home/ctk/roarm_ws_em0/install/roarm_web_app:/home/ctk/roarm_ws_em0/install/ros2web_app:/home/ctk/roarm_ws_em0/install/ros2web:/home/ctk/roarm_ws_em0/install/roarm_driver:/home/ctk/roarm_ws_em0/install/launch_api:/opt/ros/humble /usr/bin/cmake --install /home/ctk/my_roarm_ws/build/roarm_description[0m
[0.658s] [34mcolcon.colcon_core.environment[0m [1;30mLevel 1[0m checking '/home/ctk/my_roarm_ws/install/roarm_description' for CMake module files
[0.658s] [34mcolcon.colcon_core.environment[0m [1;30mLevel 1[0m checking '/home/ctk/my_roarm_ws/install/roarm_description' for CMake config files
[0.659s] [34mcolcon.colcon_core.shell[0m [1;30mLevel 1[0m create_environment_hook('roarm_description', 'cmake_prefix_path')
[0.659s] [34mcolcon.colcon_core.shell[0m [1;30mINFO[0m Creating environment hook '/home/ctk/my_roarm_ws/install/roarm_description/share/roarm_description/hook/cmake_prefix_path.ps1'
[0.659s] [34mcolcon.colcon_core.shell[0m [1;30mINFO[0m Creating environment descriptor '/home/ctk/my_roarm_ws/install/roarm_description/share/roarm_description/hook/cmake_prefix_path.dsv'
[0.659s] [34mcolcon.colcon_core.shell[0m [1;30mINFO[0m Creating environment hook '/home/ctk/my_roarm_ws/install/roarm_description/share/roarm_description/hook/cmake_prefix_path.sh'
[0.660s] [34mcolcon.colcon_core.environment[0m [1;30mLevel 1[0m checking '/home/ctk/my_roarm_ws/install/roarm_description/bin'
[0.660s] [34mcolcon.colcon_core.environment[0m [1;30mLevel 1[0m checking '/home/ctk/my_roarm_ws/install/roarm_description/lib/pkgconfig/roarm_description.pc'
[0.660s] [34mcolcon.colcon_core.environment[0m [1;30mLevel 1[0m checking '/home/ctk/my_roarm_ws/install/roarm_description/lib/python3.10/site-packages'
[0.660s] [34mcolcon.colcon_core.environment[0m [1;30mLevel 1[0m checking '/home/ctk/my_roarm_ws/install/roarm_description/bin'
[0.660s] [34mcolcon.colcon_core.shell[0m [1;30mINFO[0m Creating package script '/home/ctk/my_roarm_ws/install/roarm_description/share/roarm_description/package.ps1'
[0.661s] [34mcolcon.colcon_core.shell[0m [1;30mINFO[0m Creating package descriptor '/home/ctk/my_roarm_ws/install/roarm_description/share/roarm_description/package.dsv'
[0.661s] [34mcolcon.colcon_core.shell[0m [1;30mINFO[0m Creating package script '/home/ctk/my_roarm_ws/install/roarm_description/share/roarm_description/package.sh'
[0.662s] [34mcolcon.colcon_core.shell[0m [1;30mINFO[0m Creating package script '/home/ctk/my_roarm_ws/install/roarm_description/share/roarm_description/package.bash'
[0.662s] [34mcolcon.colcon_core.shell[0m [1;30mINFO[0m Creating package script '/home/ctk/my_roarm_ws/install/roarm_description/share/roarm_description/package.zsh'
[0.663s] [34mcolcon.colcon_core.environment[0m [1;30mLevel 1[0m create_file_with_runtime_dependencies(/home/ctk/my_roarm_ws/install/roarm_description/share/colcon-core/packages/roarm_description)
[0.663s] [34mcolcon.colcon_core.environment[0m [1;30mLevel 1[0m create_environment_scripts_only(roarm_description)
[0.663s] [34mcolcon.colcon_core.environment[0m [1;30mLevel 1[0m checking '/home/ctk/my_roarm_ws/install/roarm_description' for CMake module files
[0.663s] [34mcolcon.colcon_core.environment[0m [1;30mLevel 1[0m checking '/home/ctk/my_roarm_ws/install/roarm_description' for CMake config files
[0.664s] [34mcolcon.colcon_core.shell[0m [1;30mLevel 1[0m create_environment_hook('roarm_description', 'cmake_prefix_path')
[0.664s] [34mcolcon.colcon_core.shell[0m [1;30mINFO[0m Creating environment hook '/home/ctk/my_roarm_ws/install/roarm_description/share/roarm_description/hook/cmake_prefix_path.ps1'
[0.664s] [34mcolcon.colcon_core.shell[0m [1;30mINFO[0m Creating environment descriptor '/home/ctk/my_roarm_ws/install/roarm_description/share/roarm_description/hook/cmake_prefix_path.dsv'
[0.664s] [34mcolcon.colcon_core.shell[0m [1;30mINFO[0m Creating environment hook '/home/ctk/my_roarm_ws/install/roarm_description/share/roarm_description/hook/cmake_prefix_path.sh'
[0.665s] [34mcolcon.colcon_core.environment[0m [1;30mLevel 1[0m checking '/home/ctk/my_roarm_ws/install/roarm_description/bin'
[0.665s] [34mcolcon.colcon_core.environment[0m [1;30mLevel 1[0m checking '/home/ctk/my_roarm_ws/install/roarm_description/lib/pkgconfig/roarm_description.pc'
[0.665s] [34mcolcon.colcon_core.environment[0m [1;30mLevel 1[0m checking '/home/ctk/my_roarm_ws/install/roarm_description/lib/python3.10/site-packages'
[0.665s] [34mcolcon.colcon_core.environment[0m [1;30mLevel 1[0m checking '/home/ctk/my_roarm_ws/install/roarm_description/bin'
[0.666s] [34mcolcon.colcon_core.shell[0m [1;30mINFO[0m Creating package script '/home/ctk/my_roarm_ws/install/roarm_description/share/roarm_description/package.ps1'
[0.666s] [34mcolcon.colcon_core.shell[0m [1;30mINFO[0m Creating package descriptor '/home/ctk/my_roarm_ws/install/roarm_description/share/roarm_description/package.dsv'
[0.667s] [34mcolcon.colcon_core.shell[0m [1;30mINFO[0m Creating package script '/home/ctk/my_roarm_ws/install/roarm_description/share/roarm_description/package.sh'
[0.667s] [34mcolcon.colcon_core.shell[0m [1;30mINFO[0m Creating package script '/home/ctk/my_roarm_ws/install/roarm_description/share/roarm_description/package.bash'
[0.667s] [34mcolcon.colcon_core.shell[0m [1;30mINFO[0m Creating package script '/home/ctk/my_roarm_ws/install/roarm_description/share/roarm_description/package.zsh'
[0.667s] [34mcolcon.colcon_core.environment[0m [1;30mLevel 1[0m create_file_with_runtime_dependencies(/home/ctk/my_roarm_ws/install/roarm_description/share/colcon-core/packages/roarm_description)
[0.892s] [34mcolcon.colcon_core.event_handler.log_command[0m [1;30mDEBUG[0m [32mInvoking command in '/home/ctk/my_roarm_ws/src/roaram_py_examples': PYTHONPATH=/home/ctk/my_roarm_ws/build/roaram_py_examples/prefix_override:/usr/lib/python3/dist-packages/colcon_core/task/python/colcon_distutils_commands:/home/ctk/my_roarm_ws/install/roaram_py_examples/lib/python3.10/site-packages:${PYTHONPATH} /usr/bin/python3 -W ignore:setup.py install is deprecated -W ignore:easy_install command is deprecated setup.py egg_info --egg-base ../../build/roaram_py_examples build --build-base /home/ctk/my_roarm_ws/build/roaram_py_examples/build install --record /home/ctk/my_roarm_ws/build/roaram_py_examples/install.log --single-version-externally-managed install_data[0m
[1.301s] [34mcolcon.colcon_core.environment[0m [1;30mLevel 1[0m checking '/home/ctk/my_roarm_ws/install/roaram_py_examples' for CMake module files
[1.301s] [34mcolcon.colcon_core.event_handler.log_command[0m [1;30mDEBUG[0m [32mInvoked command in '/home/ctk/my_roarm_ws/src/roaram_py_examples' returned '0': PYTHONPATH=/home/ctk/my_roarm_ws/build/roaram_py_examples/prefix_override:/usr/lib/python3/dist-packages/colcon_core/task/python/colcon_distutils_commands:/home/ctk/my_roarm_ws/install/roaram_py_examples/lib/python3.10/site-packages:${PYTHONPATH} /usr/bin/python3 -W ignore:setup.py install is deprecated -W ignore:easy_install command is deprecated setup.py egg_info --egg-base ../../build/roaram_py_examples build --build-base /home/ctk/my_roarm_ws/build/roaram_py_examples/build install --record /home/ctk/my_roarm_ws/build/roaram_py_examples/install.log --single-version-externally-managed install_data[0m
[1.301s] [34mcolcon.colcon_core.environment[0m [1;30mLevel 1[0m checking '/home/ctk/my_roarm_ws/install/roaram_py_examples' for CMake config files
[1.302s] [34mcolcon.colcon_core.environment[0m [1;30mLevel 1[0m checking '/home/ctk/my_roarm_ws/install/roaram_py_examples/lib'
[1.302s] [34mcolcon.colcon_core.environment[0m [1;30mLevel 1[0m checking '/home/ctk/my_roarm_ws/install/roaram_py_examples/bin'
[1.302s] [34mcolcon.colcon_core.environment[0m [1;30mLevel 1[0m checking '/home/ctk/my_roarm_ws/install/roaram_py_examples/lib/pkgconfig/roaram_py_examples.pc'
[1.302s] [34mcolcon.colcon_core.environment[0m [1;30mLevel 1[0m checking '/home/ctk/my_roarm_ws/install/roaram_py_examples/lib/python3.10/site-packages'
[1.302s] [34mcolcon.colcon_core.shell[0m [1;30mLevel 1[0m create_environment_hook('roaram_py_examples', 'pythonpath')
[1.302s] [34mcolcon.colcon_core.shell[0m [1;30mINFO[0m Creating environment hook '/home/ctk/my_roarm_ws/install/roaram_py_examples/share/roaram_py_examples/hook/pythonpath.ps1'
[1.303s] [34mcolcon.colcon_core.shell[0m [1;30mINFO[0m Creating environment descriptor '/home/ctk/my_roarm_ws/install/roaram_py_examples/share/roaram_py_examples/hook/pythonpath.dsv'
[1.303s] [34mcolcon.colcon_core.shell[0m [1;30mINFO[0m Creating environment hook '/home/ctk/my_roarm_ws/install/roaram_py_examples/share/roaram_py_examples/hook/pythonpath.sh'
[1.303s] [34mcolcon.colcon_core.environment[0m [1;30mLevel 1[0m checking '/home/ctk/my_roarm_ws/install/roaram_py_examples/bin'
[1.303s] [34mcolcon.colcon_core.environment[0m [1;30mLevel 1[0m create_environment_scripts_only(roaram_py_examples)
[1.304s] [34mcolcon.colcon_core.shell[0m [1;30mINFO[0m Creating package script '/home/ctk/my_roarm_ws/install/roaram_py_examples/share/roaram_py_examples/package.ps1'
[1.304s] [34mcolcon.colcon_core.shell[0m [1;30mINFO[0m Creating package descriptor '/home/ctk/my_roarm_ws/install/roaram_py_examples/share/roaram_py_examples/package.dsv'
[1.304s] [34mcolcon.colcon_core.shell[0m [1;30mINFO[0m Creating package script '/home/ctk/my_roarm_ws/install/roaram_py_examples/share/roaram_py_examples/package.sh'
[1.304s] [34mcolcon.colcon_core.shell[0m [1;30mINFO[0m Creating package script '/home/ctk/my_roarm_ws/install/roaram_py_examples/share/roaram_py_examples/package.bash'
[1.305s] [34mcolcon.colcon_core.shell[0m [1;30mINFO[0m Creating package script '/home/ctk/my_roarm_ws/install/roaram_py_examples/share/roaram_py_examples/package.zsh'
[1.305s] [34mcolcon.colcon_core.environment[0m [1;30mLevel 1[0m create_file_with_runtime_dependencies(/home/ctk/my_roarm_ws/install/roaram_py_examples/share/colcon-core/packages/roaram_py_examples)
[1.305s] [34mcolcon.colcon_parallel_executor.executor.parallel[0m [1;30mDEBUG[0m [32mclosing loop[0m
[1.305s] [34mcolcon.colcon_parallel_executor.executor.parallel[0m [1;30mDEBUG[0m [32mloop closed[0m
[1.305s] [34mcolcon.colcon_parallel_executor.executor.parallel[0m [1;30mDEBUG[0m [32mrun_until_complete finished with '0'[0m
[1.305s] [34mcolcon.colcon_core.event_reactor[0m [1;30mDEBUG[0m [32mjoining thread[0m
[1.309s] [34mcolcon.colcon_core.plugin_system[0m [1;30mINFO[0m Skipping extension 'colcon_notification.desktop_notification.terminal_notifier': Not used on non-Darwin systems
[1.309s] [34mcolcon.colcon_core.plugin_system[0m [1;30mINFO[0m Skipping extension 'colcon_notification.desktop_notification.win32': Not used on non-Windows systems
[1.309s] [34mcolcon.colcon_notification.desktop_notification[0m [1;30mINFO[0m Sending desktop notification using 'notify2'
[1.318s] [34mcolcon.colcon_core.event_reactor[0m [1;30mDEBUG[0m [32mjoined thread[0m
[1.318s] [34mcolcon.colcon_core.shell[0m [1;30mINFO[0m Creating prefix script '/home/ctk/my_roarm_ws/install/local_setup.ps1'
[1.319s] [34mcolcon.colcon_core.shell[0m [1;30mINFO[0m Creating prefix util module '/home/ctk/my_roarm_ws/install/_local_setup_util_ps1.py'
[1.320s] [34mcolcon.colcon_core.shell[0m [1;30mINFO[0m Creating prefix chain script '/home/ctk/my_roarm_ws/install/setup.ps1'
[1.321s] [34mcolcon.colcon_core.shell[0m [1;30mINFO[0m Creating prefix script '/home/ctk/my_roarm_ws/install/local_setup.sh'
[1.321s] [34mcolcon.colcon_core.shell[0m [1;30mINFO[0m Creating prefix util module '/home/ctk/my_roarm_ws/install/_local_setup_util_sh.py'
[1.322s] [34mcolcon.colcon_core.shell[0m [1;30mINFO[0m Creating prefix chain script '/home/ctk/my_roarm_ws/install/setup.sh'
[1.323s] [34mcolcon.colcon_core.shell[0m [1;30mINFO[0m Creating prefix script '/home/ctk/my_roarm_ws/install/local_setup.bash'
[1.323s] [34mcolcon.colcon_core.shell[0m [1;30mINFO[0m Creating prefix chain script '/home/ctk/my_roarm_ws/install/setup.bash'
[1.324s] [34mcolcon.colcon_core.shell[0m [1;30mINFO[0m Creating prefix script '/home/ctk/my_roarm_ws/install/local_setup.zsh'
[1.324s] [34mcolcon.colcon_core.shell[0m [1;30mINFO[0m Creating prefix chain script '/home/ctk/my_roarm_ws/install/setup.zsh'
