[0.993s] Invoking command in '/home/ctk/my_roarm_ws/src/roaram_py_examples': PYTHONPATH=/home/ctk/my_roarm_ws/build/roaram_py_examples/prefix_override:/usr/lib/python3/dist-packages/colcon_core/task/python/colcon_distutils_commands:/home/ctk/my_roarm_ws/install/roaram_py_examples/lib/python3.10/site-packages:${PYTHONPATH} /usr/bin/python3 -W ignore:setup.py install is deprecated -W ignore:easy_install command is deprecated setup.py egg_info --egg-base ../../build/roaram_py_examples build --build-base /home/ctk/my_roarm_ws/build/roaram_py_examples/build install --record /home/ctk/my_roarm_ws/build/roaram_py_examples/install.log --single-version-externally-managed install_data
[1.194s] running egg_info
[1.194s] creating ../../build/roaram_py_examples/roaram_py_examples.egg-info
[1.206s] writing ../../build/roaram_py_examples/roaram_py_examples.egg-info/PKG-INFO
[1.206s] writing dependency_links to ../../build/roaram_py_examples/roaram_py_examples.egg-info/dependency_links.txt
[1.206s] writing entry points to ../../build/roaram_py_examples/roaram_py_examples.egg-info/entry_points.txt
[1.206s] writing requirements to ../../build/roaram_py_examples/roaram_py_examples.egg-info/requires.txt
[1.206s] writing top-level names to ../../build/roaram_py_examples/roaram_py_examples.egg-info/top_level.txt
[1.206s] writing manifest file '../../build/roaram_py_examples/roaram_py_examples.egg-info/SOURCES.txt'
[1.236s] reading manifest file '../../build/roaram_py_examples/roaram_py_examples.egg-info/SOURCES.txt'
[1.236s] writing manifest file '../../build/roaram_py_examples/roaram_py_examples.egg-info/SOURCES.txt'
[1.237s] running build
[1.237s] running build_py
[1.237s] creating /home/ctk/my_roarm_ws/build/roaram_py_examples/build
[1.237s] creating /home/ctk/my_roarm_ws/build/roaram_py_examples/build/lib
[1.237s] creating /home/ctk/my_roarm_ws/build/roaram_py_examples/build/lib/roaram_py_examples
[1.237s] copying roaram_py_examples/__init__.py -> /home/ctk/my_roarm_ws/build/roaram_py_examples/build/lib/roaram_py_examples
[1.237s] copying roaram_py_examples/simple_parameter.py -> /home/ctk/my_roarm_ws/build/roaram_py_examples/build/lib/roaram_py_examples
[1.237s] running install
[1.241s] running install_lib
[1.254s] creating /home/ctk/my_roarm_ws/install/roaram_py_examples/lib/python3.10/site-packages/roaram_py_examples
[1.254s] copying /home/ctk/my_roarm_ws/build/roaram_py_examples/build/lib/roaram_py_examples/__init__.py -> /home/ctk/my_roarm_ws/install/roaram_py_examples/lib/python3.10/site-packages/roaram_py_examples
[1.254s] copying /home/ctk/my_roarm_ws/build/roaram_py_examples/build/lib/roaram_py_examples/simple_parameter.py -> /home/ctk/my_roarm_ws/install/roaram_py_examples/lib/python3.10/site-packages/roaram_py_examples
[1.254s] byte-compiling /home/ctk/my_roarm_ws/install/roaram_py_examples/lib/python3.10/site-packages/roaram_py_examples/__init__.py to __init__.cpython-310.pyc
[1.254s] byte-compiling /home/ctk/my_roarm_ws/install/roaram_py_examples/lib/python3.10/site-packages/roaram_py_examples/simple_parameter.py to simple_parameter.cpython-310.pyc
[1.255s] running install_data
[1.255s] creating /home/ctk/my_roarm_ws/install/roaram_py_examples/share/ament_index
[1.255s] creating /home/ctk/my_roarm_ws/install/roaram_py_examples/share/ament_index/resource_index
[1.255s] creating /home/ctk/my_roarm_ws/install/roaram_py_examples/share/ament_index/resource_index/packages
[1.255s] copying resource/roaram_py_examples -> /home/ctk/my_roarm_ws/install/roaram_py_examples/share/ament_index/resource_index/packages
[1.255s] copying package.xml -> /home/ctk/my_roarm_ws/install/roaram_py_examples/share/roaram_py_examples
[1.255s] running install_egg_info
[1.270s] Copying ../../build/roaram_py_examples/roaram_py_examples.egg-info to /home/ctk/my_roarm_ws/install/roaram_py_examples/lib/python3.10/site-packages/roaram_py_examples-0.0.0-py3.10.egg-info
[1.270s] running install_scripts
[1.382s] Installing simple_parameter script to /home/ctk/my_roarm_ws/install/roaram_py_examples/lib/roaram_py_examples
[1.382s] writing list of installed files to '/home/ctk/my_roarm_ws/build/roaram_py_examples/install.log'
[1.405s] Invoked command in '/home/ctk/my_roarm_ws/src/roaram_py_examples' returned '0': PYTHONPATH=/home/ctk/my_roarm_ws/build/roaram_py_examples/prefix_override:/usr/lib/python3/dist-packages/colcon_core/task/python/colcon_distutils_commands:/home/ctk/my_roarm_ws/install/roaram_py_examples/lib/python3.10/site-packages:${PYTHONPATH} /usr/bin/python3 -W ignore:setup.py install is deprecated -W ignore:easy_install command is deprecated setup.py egg_info --egg-base ../../build/roaram_py_examples build --build-base /home/ctk/my_roarm_ws/build/roaram_py_examples/build install --record /home/ctk/my_roarm_ws/build/roaram_py_examples/install.log --single-version-externally-managed install_data
