[0.007s] Invoking command in '/home/ctk/my_roarm_ws/build/roarm_description': CMAKE_PREFIX_PATH=${CMAKE_PREFIX_PATH}:/home/ctk/roarm_ws_em0/install/ros2web_widgets:/home/ctk/roarm_ws_em0/install/ros2web_example_py:/home/ctk/roarm_ws_em0/install/roarm_web_app:/home/ctk/roarm_ws_em0/install/ros2web_app:/home/ctk/roarm_ws_em0/install/ros2web:/home/ctk/roarm_ws_em0/install/roarm_driver:/home/ctk/roarm_ws_em0/install/launch_api:/opt/ros/humble /usr/bin/cmake /home/ctk/my_roarm_ws/src/roarm_description -DCMAKE_INSTALL_PREFIX=/home/ctk/my_roarm_ws/install/roarm_description
[0.216s] -- The C compiler identification is GNU 11.4.0
[0.401s] -- The CXX compiler identification is GNU 11.4.0
[0.412s] -- Detecting C compiler ABI info
[0.492s] -- Detecting C compiler ABI info - done
[0.498s] -- Check for working C compiler: /usr/bin/cc - skipped
[0.498s] -- Detecting C compile features
[0.499s] -- Detecting C compile features - done
[0.502s] -- Detecting CXX compiler ABI info
[0.583s] -- Detecting CXX compiler ABI info - done
[0.590s] -- Check for working CXX compiler: /usr/bin/c++ - skipped
[0.590s] -- Detecting CXX compile features
[0.590s] -- Detecting CXX compile features - done
[0.596s] -- Found ament_cmake: 1.3.11 (/opt/ros/humble/share/ament_cmake/cmake)
[0.918s] -- Found Python3: /usr/bin/python3 (found version "3.10.12") found components: Interpreter 
[1.026s] -- Found ament_lint_auto: 0.12.11 (/opt/ros/humble/share/ament_lint_auto/cmake)
[1.104s] -- Added test 'lint_cmake' to check CMake code style
[1.105s] -- Added test 'xmllint' to check XML markup files
[1.106s] -- Configuring done
[1.108s] -- Generating done
[1.109s] -- Build files have been written to: /home/ctk/my_roarm_ws/build/roarm_description
[1.113s] Invoked command in '/home/ctk/my_roarm_ws/build/roarm_description' returned '0': CMAKE_PREFIX_PATH=${CMAKE_PREFIX_PATH}:/home/ctk/roarm_ws_em0/install/ros2web_widgets:/home/ctk/roarm_ws_em0/install/ros2web_example_py:/home/ctk/roarm_ws_em0/install/roarm_web_app:/home/ctk/roarm_ws_em0/install/ros2web_app:/home/ctk/roarm_ws_em0/install/ros2web:/home/ctk/roarm_ws_em0/install/roarm_driver:/home/ctk/roarm_ws_em0/install/launch_api:/opt/ros/humble /usr/bin/cmake /home/ctk/my_roarm_ws/src/roarm_description -DCMAKE_INSTALL_PREFIX=/home/ctk/my_roarm_ws/install/roarm_description
[1.114s] Invoking command in '/home/ctk/my_roarm_ws/build/roarm_description': CMAKE_PREFIX_PATH=${CMAKE_PREFIX_PATH}:/home/ctk/roarm_ws_em0/install/ros2web_widgets:/home/ctk/roarm_ws_em0/install/ros2web_example_py:/home/ctk/roarm_ws_em0/install/roarm_web_app:/home/ctk/roarm_ws_em0/install/ros2web_app:/home/ctk/roarm_ws_em0/install/ros2web:/home/ctk/roarm_ws_em0/install/roarm_driver:/home/ctk/roarm_ws_em0/install/launch_api:/opt/ros/humble /usr/bin/cmake --build /home/ctk/my_roarm_ws/build/roarm_description -- -j8 -l8
[1.146s] Invoked command in '/home/ctk/my_roarm_ws/build/roarm_description' returned '0': CMAKE_PREFIX_PATH=${CMAKE_PREFIX_PATH}:/home/ctk/roarm_ws_em0/install/ros2web_widgets:/home/ctk/roarm_ws_em0/install/ros2web_example_py:/home/ctk/roarm_ws_em0/install/roarm_web_app:/home/ctk/roarm_ws_em0/install/ros2web_app:/home/ctk/roarm_ws_em0/install/ros2web:/home/ctk/roarm_ws_em0/install/roarm_driver:/home/ctk/roarm_ws_em0/install/launch_api:/opt/ros/humble /usr/bin/cmake --build /home/ctk/my_roarm_ws/build/roarm_description -- -j8 -l8
[1.154s] Invoking command in '/home/ctk/my_roarm_ws/build/roarm_description': CMAKE_PREFIX_PATH=${CMAKE_PREFIX_PATH}:/home/ctk/roarm_ws_em0/install/ros2web_widgets:/home/ctk/roarm_ws_em0/install/ros2web_example_py:/home/ctk/roarm_ws_em0/install/roarm_web_app:/home/ctk/roarm_ws_em0/install/ros2web_app:/home/ctk/roarm_ws_em0/install/ros2web:/home/ctk/roarm_ws_em0/install/roarm_driver:/home/ctk/roarm_ws_em0/install/launch_api:/opt/ros/humble /usr/bin/cmake --install /home/ctk/my_roarm_ws/build/roarm_description
[1.160s] -- Install configuration: ""
[1.160s] -- Installing: /home/ctk/my_roarm_ws/install/roarm_description/share/roarm_description/meshes
[1.160s] -- Installing: /home/ctk/my_roarm_ws/install/roarm_description/share/roarm_description/meshes/gripper_link.STL
[1.160s] -- Installing: /home/ctk/my_roarm_ws/install/roarm_description/share/roarm_description/meshes/base_link.STL
[1.160s] -- Installing: /home/ctk/my_roarm_ws/install/roarm_description/share/roarm_description/meshes/link2.STL
[1.160s] -- Installing: /home/ctk/my_roarm_ws/install/roarm_description/share/roarm_description/meshes/link3.STL
[1.160s] -- Installing: /home/ctk/my_roarm_ws/install/roarm_description/share/roarm_description/meshes/link1.STL
[1.161s] -- Installing: /home/ctk/my_roarm_ws/install/roarm_description/share/roarm_description/urdf
[1.161s] -- Installing: /home/ctk/my_roarm_ws/install/roarm_description/share/roarm_description/urdf/roarm.urdf.xacro
[1.161s] -- Installing: /home/ctk/my_roarm_ws/install/roarm_description/share/ament_index/resource_index/package_run_dependencies/roarm_description
[1.161s] -- Installing: /home/ctk/my_roarm_ws/install/roarm_description/share/ament_index/resource_index/parent_prefix_path/roarm_description
[1.161s] -- Installing: /home/ctk/my_roarm_ws/install/roarm_description/share/roarm_description/environment/ament_prefix_path.sh
[1.161s] -- Installing: /home/ctk/my_roarm_ws/install/roarm_description/share/roarm_description/environment/ament_prefix_path.dsv
[1.161s] -- Installing: /home/ctk/my_roarm_ws/install/roarm_description/share/roarm_description/environment/path.sh
[1.161s] -- Installing: /home/ctk/my_roarm_ws/install/roarm_description/share/roarm_description/environment/path.dsv
[1.161s] -- Installing: /home/ctk/my_roarm_ws/install/roarm_description/share/roarm_description/local_setup.bash
[1.161s] -- Installing: /home/ctk/my_roarm_ws/install/roarm_description/share/roarm_description/local_setup.sh
[1.161s] -- Installing: /home/ctk/my_roarm_ws/install/roarm_description/share/roarm_description/local_setup.zsh
[1.161s] -- Installing: /home/ctk/my_roarm_ws/install/roarm_description/share/roarm_description/local_setup.dsv
[1.162s] -- Installing: /home/ctk/my_roarm_ws/install/roarm_description/share/roarm_description/package.dsv
[1.162s] -- Installing: /home/ctk/my_roarm_ws/install/roarm_description/share/ament_index/resource_index/packages/roarm_description
[1.162s] -- Installing: /home/ctk/my_roarm_ws/install/roarm_description/share/roarm_description/cmake/roarm_descriptionConfig.cmake
[1.162s] -- Installing: /home/ctk/my_roarm_ws/install/roarm_description/share/roarm_description/cmake/roarm_descriptionConfig-version.cmake
[1.162s] -- Installing: /home/ctk/my_roarm_ws/install/roarm_description/share/roarm_description/package.xml
[1.163s] Invoked command in '/home/ctk/my_roarm_ws/build/roarm_description' returned '0': CMAKE_PREFIX_PATH=${CMAKE_PREFIX_PATH}:/home/ctk/roarm_ws_em0/install/ros2web_widgets:/home/ctk/roarm_ws_em0/install/ros2web_example_py:/home/ctk/roarm_ws_em0/install/roarm_web_app:/home/ctk/roarm_ws_em0/install/ros2web_app:/home/ctk/roarm_ws_em0/install/ros2web:/home/ctk/roarm_ws_em0/install/roarm_driver:/home/ctk/roarm_ws_em0/install/launch_api:/opt/ros/humble /usr/bin/cmake --install /home/ctk/my_roarm_ws/build/roarm_description
