[0.673s] Invoking command in '/home/ctk/my_roarm_ws/src/roaram_py_examples': PYTHONPATH=/home/ctk/my_roarm_ws/build/roaram_py_examples/prefix_override:/usr/lib/python3/dist-packages/colcon_core/task/python/colcon_distutils_commands:/home/ctk/my_roarm_ws/install/roaram_py_examples/lib/python3.10/site-packages:${PYTHONPATH} /usr/bin/python3 -W ignore:setup.py install is deprecated -W ignore:easy_install command is deprecated setup.py egg_info --egg-base ../../build/roaram_py_examples build --build-base /home/ctk/my_roarm_ws/build/roaram_py_examples/build install --record /home/ctk/my_roarm_ws/build/roaram_py_examples/install.log --single-version-externally-managed install_data
[0.873s] running egg_info
[0.886s] writing ../../build/roaram_py_examples/roaram_py_examples.egg-info/PKG-INFO
[0.886s] writing dependency_links to ../../build/roaram_py_examples/roaram_py_examples.egg-info/dependency_links.txt
[0.886s] writing entry points to ../../build/roaram_py_examples/roaram_py_examples.egg-info/entry_points.txt
[0.886s] writing requirements to ../../build/roaram_py_examples/roaram_py_examples.egg-info/requires.txt
[0.886s] writing top-level names to ../../build/roaram_py_examples/roaram_py_examples.egg-info/top_level.txt
[0.913s] reading manifest file '../../build/roaram_py_examples/roaram_py_examples.egg-info/SOURCES.txt'
[0.914s] writing manifest file '../../build/roaram_py_examples/roaram_py_examples.egg-info/SOURCES.txt'
[0.914s] running build
[0.914s] running build_py
[0.914s] copying roaram_py_examples/__init__.py -> /home/ctk/my_roarm_ws/build/roaram_py_examples/build/lib/roaram_py_examples
[0.915s] copying roaram_py_examples/simple_parameter.py -> /home/ctk/my_roarm_ws/build/roaram_py_examples/build/lib/roaram_py_examples
[0.915s] running install
[0.919s] running install_lib
[0.934s] running install_data
[0.934s] copying resource/roaram_py_examples -> /home/ctk/my_roarm_ws/install/roaram_py_examples/share/ament_index/resource_index/packages
[0.934s] copying package.xml -> /home/ctk/my_roarm_ws/install/roaram_py_examples/share/roaram_py_examples
[0.934s] running install_egg_info
[0.948s] removing '/home/ctk/my_roarm_ws/install/roaram_py_examples/lib/python3.10/site-packages/roaram_py_examples-0.0.0-py3.10.egg-info' (and everything under it)
[0.949s] Copying ../../build/roaram_py_examples/roaram_py_examples.egg-info to /home/ctk/my_roarm_ws/install/roaram_py_examples/lib/python3.10/site-packages/roaram_py_examples-0.0.0-py3.10.egg-info
[0.949s] running install_scripts
[1.061s] Installing simple_parameter script to /home/ctk/my_roarm_ws/install/roaram_py_examples/lib/roaram_py_examples
[1.061s] writing list of installed files to '/home/ctk/my_roarm_ws/build/roaram_py_examples/install.log'
[1.087s] Invoked command in '/home/ctk/my_roarm_ws/src/roaram_py_examples' returned '0': PYTHONPATH=/home/ctk/my_roarm_ws/build/roaram_py_examples/prefix_override:/usr/lib/python3/dist-packages/colcon_core/task/python/colcon_distutils_commands:/home/ctk/my_roarm_ws/install/roaram_py_examples/lib/python3.10/site-packages:${PYTHONPATH} /usr/bin/python3 -W ignore:setup.py install is deprecated -W ignore:easy_install command is deprecated setup.py egg_info --egg-base ../../build/roaram_py_examples build --build-base /home/ctk/my_roarm_ws/build/roaram_py_examples/build install --record /home/ctk/my_roarm_ws/build/roaram_py_examples/install.log --single-version-externally-managed install_data
