[0.185s] Invoking command in '/home/ctk/my_roarm_ws/build/roarm_description': CMAKE_PREFIX_PATH=${CMAKE_PREFIX_PATH}:/home/ctk/my_roarm_ws/install/roaram_py_examples:/home/ctk/roarm_ws_em0/install/ros2web_widgets:/home/ctk/roarm_ws_em0/install/ros2web_example_py:/home/ctk/roarm_ws_em0/install/roarm_web_app:/home/ctk/roarm_ws_em0/install/ros2web_app:/home/ctk/roarm_ws_em0/install/ros2web:/home/ctk/roarm_ws_em0/install/roarm_driver:/home/ctk/roarm_ws_em0/install/launch_api:/opt/ros/humble /usr/bin/cmake --build /home/ctk/my_roarm_ws/build/roarm_description -- -j8 -l8
[0.211s] -- Found ament_cmake: 1.3.11 (/opt/ros/humble/share/ament_cmake/cmake)
[0.343s] -- Found ament_lint_auto: 0.12.11 (/opt/ros/humble/share/ament_lint_auto/cmake)
[0.405s] -- Added test 'flake8' to check Python code syntax and style conventions
[0.406s] -- Added test 'lint_cmake' to check CMake code style
[0.406s] -- Added test 'pep257' to check Python code against some of the docstring style conventions in PEP 257
[0.408s] -- Added test 'xmllint' to check XML markup files
[0.409s] -- Configuring done
[0.413s] -- Generating done
[0.414s] -- Build files have been written to: /home/ctk/my_roarm_ws/build/roarm_description
[0.431s] Invoked command in '/home/ctk/my_roarm_ws/build/roarm_description' returned '0': CMAKE_PREFIX_PATH=${CMAKE_PREFIX_PATH}:/home/ctk/my_roarm_ws/install/roaram_py_examples:/home/ctk/roarm_ws_em0/install/ros2web_widgets:/home/ctk/roarm_ws_em0/install/ros2web_example_py:/home/ctk/roarm_ws_em0/install/roarm_web_app:/home/ctk/roarm_ws_em0/install/ros2web_app:/home/ctk/roarm_ws_em0/install/ros2web:/home/ctk/roarm_ws_em0/install/roarm_driver:/home/ctk/roarm_ws_em0/install/launch_api:/opt/ros/humble /usr/bin/cmake --build /home/ctk/my_roarm_ws/build/roarm_description -- -j8 -l8
[0.439s] Invoking command in '/home/ctk/my_roarm_ws/build/roarm_description': CMAKE_PREFIX_PATH=${CMAKE_PREFIX_PATH}:/home/ctk/my_roarm_ws/install/roaram_py_examples:/home/ctk/roarm_ws_em0/install/ros2web_widgets:/home/ctk/roarm_ws_em0/install/ros2web_example_py:/home/ctk/roarm_ws_em0/install/roarm_web_app:/home/ctk/roarm_ws_em0/install/ros2web_app:/home/ctk/roarm_ws_em0/install/ros2web:/home/ctk/roarm_ws_em0/install/roarm_driver:/home/ctk/roarm_ws_em0/install/launch_api:/opt/ros/humble /usr/bin/cmake --install /home/ctk/my_roarm_ws/build/roarm_description
[0.445s] -- Install configuration: ""
[0.445s] -- Up-to-date: /home/ctk/my_roarm_ws/install/roarm_description/share/roarm_description/meshes
[0.445s] -- Up-to-date: /home/ctk/my_roarm_ws/install/roarm_description/share/roarm_description/meshes/gripper_link.STL
[0.445s] -- Up-to-date: /home/ctk/my_roarm_ws/install/roarm_description/share/roarm_description/meshes/base_link.STL
[0.445s] -- Up-to-date: /home/ctk/my_roarm_ws/install/roarm_description/share/roarm_description/meshes/link2.STL
[0.445s] -- Up-to-date: /home/ctk/my_roarm_ws/install/roarm_description/share/roarm_description/meshes/link3.STL
[0.445s] -- Up-to-date: /home/ctk/my_roarm_ws/install/roarm_description/share/roarm_description/meshes/link1.STL
[0.445s] -- Up-to-date: /home/ctk/my_roarm_ws/install/roarm_description/share/roarm_description/urdf
[0.445s] -- Up-to-date: /home/ctk/my_roarm_ws/install/roarm_description/share/roarm_description/urdf/roarm.urdf.xacro
[0.445s] -- Installing: /home/ctk/my_roarm_ws/install/roarm_description/share/roarm_description/launch
[0.445s] -- Installing: /home/ctk/my_roarm_ws/install/roarm_description/share/roarm_description/launch/display.launch.py
[0.445s] -- Installing: /home/ctk/my_roarm_ws/install/roarm_description/share/roarm_description/rviz
[0.446s] -- Installing: /home/ctk/my_roarm_ws/install/roarm_description/share/roarm_description/rviz/display.rviz
[0.446s] -- Installing: /home/ctk/my_roarm_ws/install/roarm_description/share/ament_index/resource_index/package_run_dependencies/roarm_description
[0.446s] -- Installing: /home/ctk/my_roarm_ws/install/roarm_description/share/ament_index/resource_index/parent_prefix_path/roarm_description
[0.446s] -- Up-to-date: /home/ctk/my_roarm_ws/install/roarm_description/share/roarm_description/environment/ament_prefix_path.sh
[0.446s] -- Installing: /home/ctk/my_roarm_ws/install/roarm_description/share/roarm_description/environment/ament_prefix_path.dsv
[0.446s] -- Up-to-date: /home/ctk/my_roarm_ws/install/roarm_description/share/roarm_description/environment/path.sh
[0.446s] -- Installing: /home/ctk/my_roarm_ws/install/roarm_description/share/roarm_description/environment/path.dsv
[0.446s] -- Up-to-date: /home/ctk/my_roarm_ws/install/roarm_description/share/roarm_description/local_setup.bash
[0.446s] -- Up-to-date: /home/ctk/my_roarm_ws/install/roarm_description/share/roarm_description/local_setup.sh
[0.446s] -- Up-to-date: /home/ctk/my_roarm_ws/install/roarm_description/share/roarm_description/local_setup.zsh
[0.446s] -- Installing: /home/ctk/my_roarm_ws/install/roarm_description/share/roarm_description/local_setup.dsv
[0.446s] -- Installing: /home/ctk/my_roarm_ws/install/roarm_description/share/roarm_description/package.dsv
[0.447s] -- Up-to-date: /home/ctk/my_roarm_ws/install/roarm_description/share/ament_index/resource_index/packages/roarm_description
[0.447s] -- Up-to-date: /home/ctk/my_roarm_ws/install/roarm_description/share/roarm_description/cmake/roarm_descriptionConfig.cmake
[0.447s] -- Up-to-date: /home/ctk/my_roarm_ws/install/roarm_description/share/roarm_description/cmake/roarm_descriptionConfig-version.cmake
[0.447s] -- Installing: /home/ctk/my_roarm_ws/install/roarm_description/share/roarm_description/package.xml
[0.449s] Invoked command in '/home/ctk/my_roarm_ws/build/roarm_description' returned '0': CMAKE_PREFIX_PATH=${CMAKE_PREFIX_PATH}:/home/ctk/my_roarm_ws/install/roaram_py_examples:/home/ctk/roarm_ws_em0/install/ros2web_widgets:/home/ctk/roarm_ws_em0/install/ros2web_example_py:/home/ctk/roarm_ws_em0/install/roarm_web_app:/home/ctk/roarm_ws_em0/install/ros2web_app:/home/ctk/roarm_ws_em0/install/ros2web:/home/ctk/roarm_ws_em0/install/roarm_driver:/home/ctk/roarm_ws_em0/install/launch_api:/opt/ros/humble /usr/bin/cmake --install /home/ctk/my_roarm_ws/build/roarm_description
