[0.014s] Invoking command in '/home/ctk/my_roarm_ws/build/roarm_description': CMAKE_PREFIX_PATH=${CMAKE_PREFIX_PATH}:/home/ctk/ros2_ws/install/xiaokaibot_nav2:/home/ctk/ros2_ws/install/xiaoKaiRobot:/home/ctk/ros2_ws/install/node_object_webcam:/home/ctk/ros2_ws/install/node_exec:/home/ctk/ros2_ws/install/learning_urdf:/home/ctk/ros2_ws/install/learning_topic:/home/ctk/ros2_ws/install/learning_tf:/home/ctk/ros2_ws/install/learning_service:/home/ctk/ros2_ws/install/learning_qos:/home/ctk/ros2_ws/install/learning_parameter:/home/ctk/ros2_ws/install/learning_launch:/home/ctk/ros2_ws/install/learning_gazebo_harmonic:/home/ctk/ros2_ws/install/learning_action:/home/ctk/roarm_ws_em0/install/ros2web_widgets:/home/ctk/roarm_ws_em0/install/ros2web_example_py:/home/ctk/roarm_ws_em0/install/roarm_web_app:/home/ctk/roarm_ws_em0/install/ros2web_app:/home/ctk/roarm_ws_em0/install/ros2web:/home/ctk/roarm_ws_em0/install/roarm_driver:/home/ctk/roarm_ws_em0/install/launch_api:/opt/ros/humble /usr/bin/cmake --build /home/ctk/my_roarm_ws/build/roarm_description -- -j8 -l8
[0.063s] Invoked command in '/home/ctk/my_roarm_ws/build/roarm_description' returned '0': CMAKE_PREFIX_PATH=${CMAKE_PREFIX_PATH}:/home/ctk/ros2_ws/install/xiaokaibot_nav2:/home/ctk/ros2_ws/install/xiaoKaiRobot:/home/ctk/ros2_ws/install/node_object_webcam:/home/ctk/ros2_ws/install/node_exec:/home/ctk/ros2_ws/install/learning_urdf:/home/ctk/ros2_ws/install/learning_topic:/home/ctk/ros2_ws/install/learning_tf:/home/ctk/ros2_ws/install/learning_service:/home/ctk/ros2_ws/install/learning_qos:/home/ctk/ros2_ws/install/learning_parameter:/home/ctk/ros2_ws/install/learning_launch:/home/ctk/ros2_ws/install/learning_gazebo_harmonic:/home/ctk/ros2_ws/install/learning_action:/home/ctk/roarm_ws_em0/install/ros2web_widgets:/home/ctk/roarm_ws_em0/install/ros2web_example_py:/home/ctk/roarm_ws_em0/install/roarm_web_app:/home/ctk/roarm_ws_em0/install/ros2web_app:/home/ctk/roarm_ws_em0/install/ros2web:/home/ctk/roarm_ws_em0/install/roarm_driver:/home/ctk/roarm_ws_em0/install/launch_api:/opt/ros/humble /usr/bin/cmake --build /home/ctk/my_roarm_ws/build/roarm_description -- -j8 -l8
[0.073s] Invoking command in '/home/ctk/my_roarm_ws/build/roarm_description': CMAKE_PREFIX_PATH=${CMAKE_PREFIX_PATH}:/home/ctk/ros2_ws/install/xiaokaibot_nav2:/home/ctk/ros2_ws/install/xiaoKaiRobot:/home/ctk/ros2_ws/install/node_object_webcam:/home/ctk/ros2_ws/install/node_exec:/home/ctk/ros2_ws/install/learning_urdf:/home/ctk/ros2_ws/install/learning_topic:/home/ctk/ros2_ws/install/learning_tf:/home/ctk/ros2_ws/install/learning_service:/home/ctk/ros2_ws/install/learning_qos:/home/ctk/ros2_ws/install/learning_parameter:/home/ctk/ros2_ws/install/learning_launch:/home/ctk/ros2_ws/install/learning_gazebo_harmonic:/home/ctk/ros2_ws/install/learning_action:/home/ctk/roarm_ws_em0/install/ros2web_widgets:/home/ctk/roarm_ws_em0/install/ros2web_example_py:/home/ctk/roarm_ws_em0/install/roarm_web_app:/home/ctk/roarm_ws_em0/install/ros2web_app:/home/ctk/roarm_ws_em0/install/ros2web:/home/ctk/roarm_ws_em0/install/roarm_driver:/home/ctk/roarm_ws_em0/install/launch_api:/opt/ros/humble /usr/bin/cmake --install /home/ctk/my_roarm_ws/build/roarm_description
[0.081s] -- Install configuration: ""
[0.081s] -- Up-to-date: /home/ctk/my_roarm_ws/install/roarm_description/share/roarm_description/meshes
[0.081s] -- Up-to-date: /home/ctk/my_roarm_ws/install/roarm_description/share/roarm_description/meshes/gripper_link.STL
[0.081s] -- Up-to-date: /home/ctk/my_roarm_ws/install/roarm_description/share/roarm_description/meshes/base_link.STL
[0.081s] -- Up-to-date: /home/ctk/my_roarm_ws/install/roarm_description/share/roarm_description/meshes/link2.STL
[0.081s] -- Up-to-date: /home/ctk/my_roarm_ws/install/roarm_description/share/roarm_description/meshes/link3.STL
[0.081s] -- Up-to-date: /home/ctk/my_roarm_ws/install/roarm_description/share/roarm_description/meshes/link1.STL
[0.081s] -- Up-to-date: /home/ctk/my_roarm_ws/install/roarm_description/share/roarm_description/urdf
[0.081s] -- Installing: /home/ctk/my_roarm_ws/install/roarm_description/share/roarm_description/urdf/roarm.urdf.xacro
[0.081s] -- Up-to-date: /home/ctk/my_roarm_ws/install/roarm_description/share/ament_index/resource_index/package_run_dependencies/roarm_description
[0.081s] -- Up-to-date: /home/ctk/my_roarm_ws/install/roarm_description/share/ament_index/resource_index/parent_prefix_path/roarm_description
[0.081s] -- Up-to-date: /home/ctk/my_roarm_ws/install/roarm_description/share/roarm_description/environment/ament_prefix_path.sh
[0.081s] -- Up-to-date: /home/ctk/my_roarm_ws/install/roarm_description/share/roarm_description/environment/ament_prefix_path.dsv
[0.081s] -- Up-to-date: /home/ctk/my_roarm_ws/install/roarm_description/share/roarm_description/environment/path.sh
[0.081s] -- Up-to-date: /home/ctk/my_roarm_ws/install/roarm_description/share/roarm_description/environment/path.dsv
[0.081s] -- Up-to-date: /home/ctk/my_roarm_ws/install/roarm_description/share/roarm_description/local_setup.bash
[0.081s] -- Up-to-date: /home/ctk/my_roarm_ws/install/roarm_description/share/roarm_description/local_setup.sh
[0.081s] -- Up-to-date: /home/ctk/my_roarm_ws/install/roarm_description/share/roarm_description/local_setup.zsh
[0.081s] -- Up-to-date: /home/ctk/my_roarm_ws/install/roarm_description/share/roarm_description/local_setup.dsv
[0.081s] -- Installing: /home/ctk/my_roarm_ws/install/roarm_description/share/roarm_description/package.dsv
[0.081s] -- Up-to-date: /home/ctk/my_roarm_ws/install/roarm_description/share/ament_index/resource_index/packages/roarm_description
[0.082s] -- Up-to-date: /home/ctk/my_roarm_ws/install/roarm_description/share/roarm_description/cmake/roarm_descriptionConfig.cmake
[0.082s] -- Up-to-date: /home/ctk/my_roarm_ws/install/roarm_description/share/roarm_description/cmake/roarm_descriptionConfig-version.cmake
[0.082s] -- Up-to-date: /home/ctk/my_roarm_ws/install/roarm_description/share/roarm_description/package.xml
[0.083s] Invoked command in '/home/ctk/my_roarm_ws/build/roarm_description' returned '0': CMAKE_PREFIX_PATH=${CMAKE_PREFIX_PATH}:/home/ctk/ros2_ws/install/xiaokaibot_nav2:/home/ctk/ros2_ws/install/xiaoKaiRobot:/home/ctk/ros2_ws/install/node_object_webcam:/home/ctk/ros2_ws/install/node_exec:/home/ctk/ros2_ws/install/learning_urdf:/home/ctk/ros2_ws/install/learning_topic:/home/ctk/ros2_ws/install/learning_tf:/home/ctk/ros2_ws/install/learning_service:/home/ctk/ros2_ws/install/learning_qos:/home/ctk/ros2_ws/install/learning_parameter:/home/ctk/ros2_ws/install/learning_launch:/home/ctk/ros2_ws/install/learning_gazebo_harmonic:/home/ctk/ros2_ws/install/learning_action:/home/ctk/roarm_ws_em0/install/ros2web_widgets:/home/ctk/roarm_ws_em0/install/ros2web_example_py:/home/ctk/roarm_ws_em0/install/roarm_web_app:/home/ctk/roarm_ws_em0/install/ros2web_app:/home/ctk/roarm_ws_em0/install/ros2web:/home/ctk/roarm_ws_em0/install/roarm_driver:/home/ctk/roarm_ws_em0/install/launch_api:/opt/ros/humble /usr/bin/cmake --install /home/ctk/my_roarm_ws/build/roarm_description
